c:\users\rudolf pastva\desktop\rudolfpastvaaus2\rudolfpastvaaus1\x64\debug\vc141.pdb
c:\users\rudolf pastva\desktop\rudolfpastvaaus2\rudolfpastvaaus1\x64\debug\vc141.idb
c:\users\rudolf pastva\desktop\rudolfpastvaaus2\rudolfpastvaaus1\x64\debug\uzemnajednotka.obj
c:\users\rudolf pastva\desktop\rudolfpastvaaus2\rudolfpastvaaus1\x64\debug\vector.obj
c:\users\rudolf pastva\desktop\rudolfpastvaaus2\rudolfpastvaaus1\x64\debug\structure.obj
c:\users\rudolf pastva\desktop\rudolfpastvaaus2\rudolfpastvaaus1\x64\debug\ds_routines.obj
c:\users\rudolf pastva\desktop\rudolfpastvaaus2\rudolfpastvaaus1\x64\debug\stat.obj
c:\users\rudolf pastva\desktop\rudolfpastvaaus2\rudolfpastvaaus1\x64\debug\okres.obj
c:\users\rudolf pastva\desktop\rudolfpastvaaus2\rudolfpastvaaus1\x64\debug\obec.obj
c:\users\rudolf pastva\desktop\rudolfpastvaaus2\rudolfpastvaaus1\x64\debug\main.obj
c:\users\rudolf pastva\desktop\rudolfpastvaaus2\rudolfpastvaaus1\x64\debug\kraj.obj
c:\users\rudolf pastva\desktop\rudolfpastvaaus2\rudolfpastvaaus1\x64\debug\kandidat.obj
c:\users\rudolf pastva\desktop\rudolfpastvaaus2\x64\debug\rudolfpastvaaus1.exe
c:\users\rudolf pastva\desktop\rudolfpastvaaus2\x64\debug\rudolfpastvaaus1.ilk
c:\users\rudolf pastva\desktop\rudolfpastvaaus2\x64\debug\rudolfpastvaaus1.pdb
c:\users\rudolf pastva\desktop\rudolfpastvaaus2\rudolfpastvaaus1\x64\debug\stat.obj.enc
c:\users\rudolf pastva\desktop\rudolfpastvaaus2\rudolfpastvaaus1\x64\debug\rudolfpastvaaus1.tlog\cl.command.1.tlog
c:\users\rudolf pastva\desktop\rudolfpastvaaus2\rudolfpastvaaus1\x64\debug\rudolfpastvaaus1.tlog\cl.read.1.tlog
c:\users\rudolf pastva\desktop\rudolfpastvaaus2\rudolfpastvaaus1\x64\debug\rudolfpastvaaus1.tlog\cl.write.1.tlog
c:\users\rudolf pastva\desktop\rudolfpastvaaus2\rudolfpastvaaus1\x64\debug\rudolfpastvaaus1.tlog\link.command.1.tlog
c:\users\rudolf pastva\desktop\rudolfpastvaaus2\rudolfpastvaaus1\x64\debug\rudolfpastvaaus1.tlog\link.read.1.tlog
c:\users\rudolf pastva\desktop\rudolfpastvaaus2\rudolfpastvaaus1\x64\debug\rudolfpastvaaus1.tlog\link.write.1.tlog
